<?xml version="1.0" encoding="UTF-8"?>
<testsuite xmlns:xsi="http://www.w3.org/2001/XMLSchema-instance" xsi:noNamespaceSchemaLocation="https://maven.apache.org/surefire/maven-surefire-plugin/xsd/surefire-test-report.xsd" name="com.ssangu.test.JavaHelloWorld1Test" time="0.003" tests="1" errors="0" skipped="0" failures="0">
  <properties>
    <property name="sun.desktop" value="windows"/>
    <property name="awt.toolkit" value="sun.awt.windows.WToolkit"/>
    <property name="java.specification.version" value="11"/>
    <property name="sun.cpu.isalist" value="amd64"/>
    <property name="sun.jnu.encoding" value="Cp1252"/>
    <property name="java.class.path" value="D:\softwares\Installation\GitRepository\mb2g-surefireplugin\mb2g-surefireplugin\target\test-classes;D:\softwares\Installation\GitRepository\mb2g-surefireplugin\mb2g-surefireplugin\target\classes;C:\Users\SSANGU\.m2\repository\junit\junit\4.12\junit-4.12.jar;C:\Users\SSANGU\.m2\repository\org\hamcrest\hamcrest-core\1.3\hamcrest-core-1.3.jar;C:\Users\SSANGU\.m2\repository\org\junit\jupiter\junit-jupiter-api\5.4.0\junit-jupiter-api-5.4.0.jar;C:\Users\SSANGU\.m2\repository\org\apiguardian\apiguardian-api\1.0.0\apiguardian-api-1.0.0.jar;C:\Users\SSANGU\.m2\repository\org\opentest4j\opentest4j\1.1.1\opentest4j-1.1.1.jar;C:\Users\SSANGU\.m2\repository\org\junit\platform\junit-platform-commons\1.4.0\junit-platform-commons-1.4.0.jar;C:\Users\SSANGU\.m2\repository\org\junit\jupiter\junit-jupiter-engine\5.4.0\junit-jupiter-engine-5.4.0.jar;C:\Users\SSANGU\.m2\repository\org\junit\platform\junit-platform-engine\1.4.0\junit-platform-engine-1.4.0.jar;C:\Users\SSANGU\.m2\repository\org\junit\vintage\junit-vintage-engine\5.4.0\junit-vintage-engine-5.4.0.jar;"/>
    <property name="java.vm.vendor" value="Oracle Corporation"/>
    <property name="sun.arch.data.model" value="64"/>
    <property name="user.variant" value=""/>
    <property name="java.vendor.url" value="https://openjdk.java.net/"/>
    <property name="user.timezone" value="Asia/Calcutta"/>
    <property name="java.vm.specification.version" value="11"/>
    <property name="os.name" value="Windows 10"/>
    <property name="sun.java.launcher" value="SUN_STANDARD"/>
    <property name="user.country" value="US"/>
    <property name="sun.boot.library.path" value="D:\softwares\Installation\Java\jdk-11.0.9\bin"/>
    <property name="sun.java.command" value="C:\Users\SSANGU\AppData\Local\Temp\surefire18151638641976229649\surefirebooter13930916758396686467.jar C:\Users\SSANGU\AppData\Local\Temp\surefire18151638641976229649 2021-10-31T23-22-25_935-jvmRun1 surefire13142027952713311203tmp surefire_01941748472668037154tmp"/>
    <property name="jdk.debug" value="release"/>
    <property name="surefire.test.class.path" value="D:\softwares\Installation\GitRepository\mb2g-surefireplugin\mb2g-surefireplugin\target\test-classes;D:\softwares\Installation\GitRepository\mb2g-surefireplugin\mb2g-surefireplugin\target\classes;C:\Users\SSANGU\.m2\repository\junit\junit\4.12\junit-4.12.jar;C:\Users\SSANGU\.m2\repository\org\hamcrest\hamcrest-core\1.3\hamcrest-core-1.3.jar;C:\Users\SSANGU\.m2\repository\org\junit\jupiter\junit-jupiter-api\5.4.0\junit-jupiter-api-5.4.0.jar;C:\Users\SSANGU\.m2\repository\org\apiguardian\apiguardian-api\1.0.0\apiguardian-api-1.0.0.jar;C:\Users\SSANGU\.m2\repository\org\opentest4j\opentest4j\1.1.1\opentest4j-1.1.1.jar;C:\Users\SSANGU\.m2\repository\org\junit\platform\junit-platform-commons\1.4.0\junit-platform-commons-1.4.0.jar;C:\Users\SSANGU\.m2\repository\org\junit\jupiter\junit-jupiter-engine\5.4.0\junit-jupiter-engine-5.4.0.jar;C:\Users\SSANGU\.m2\repository\org\junit\platform\junit-platform-engine\1.4.0\junit-platform-engine-1.4.0.jar;C:\Users\SSANGU\.m2\repository\org\junit\vintage\junit-vintage-engine\5.4.0\junit-vintage-engine-5.4.0.jar;"/>
    <property name="sun.cpu.endian" value="little"/>
    <property name="user.home" value="C:\Users\SSANGU"/>
    <property name="user.language" value="en"/>
    <property name="java.specification.vendor" value="Oracle Corporation"/>
    <property name="java.version.date" value="2020-10-20"/>
    <property name="java.home" value="D:\softwares\Installation\Java\jdk-11.0.9"/>
    <property name="file.separator" value="\"/>
    <property name="basedir" value="D:\softwares\Installation\GitRepository\mb2g-surefireplugin\mb2g-surefireplugin"/>
    <property name="java.vm.compressedOopsMode" value="Zero based"/>
    <property name="line.separator" value="&#10;"/>
    <property name="java.specification.name" value="Java Platform API Specification"/>
    <property name="java.vm.specification.vendor" value="Oracle Corporation"/>
    <property name="java.awt.graphicsenv" value="sun.awt.Win32GraphicsEnvironment"/>
    <property name="surefire.real.class.path" value="C:\Users\SSANGU\AppData\Local\Temp\surefire18151638641976229649\surefirebooter13930916758396686467.jar"/>
    <property name="user.script" value=""/>
    <property name="sun.management.compiler" value="HotSpot 64-Bit Tiered Compilers"/>
    <property name="java.runtime.version" value="11.0.9+7-LTS"/>
    <property name="user.name" value="SSANGU"/>
    <property name="path.separator" value=";"/>
    <property name="os.version" value="10.0"/>
    <property name="java.runtime.name" value="Java(TM) SE Runtime Environment"/>
    <property name="file.encoding" value="Cp1252"/>
    <property name="java.vm.name" value="Java HotSpot(TM) 64-Bit Server VM"/>
    <property name="java.vendor.version" value="18.9"/>
    <property name="localRepository" value="C:\Users\SSANGU\.m2\repository"/>
    <property name="java.vendor.url.bug" value="https://bugreport.java.com/bugreport/"/>
    <property name="java.io.tmpdir" value="C:\Users\SSANGU\AppData\Local\Temp\"/>
    <property name="java.version" value="11.0.9"/>
    <property name="user.dir" value="D:\softwares\Installation\GitRepository\mb2g-surefireplugin\mb2g-surefireplugin"/>
    <property name="os.arch" value="amd64"/>
    <property name="java.vm.specification.name" value="Java Virtual Machine Specification"/>
    <property name="java.awt.printerjob" value="sun.awt.windows.WPrinterJob"/>
    <property name="sun.os.patch.level" value=""/>
    <property name="java.library.path" value="D:\softwares\Installation\Java\jdk-11.0.9\bin;C:\windows\Sun\Java\bin;C:\windows\system32;C:\windows;D:/softwares/Installation/Java/jdk-11.0.9/bin/server;D:/softwares/Installation/Java/jdk-11.0.9/bin;D:\softwares\Installation\app\client\SSANGU\product\12.2.0\client_1\bin;C:\Python39\Scripts\;C:\Python39\;C:\windows\SysWOW64;C:\windows\system32;C:\windows;C:\windows\System32\Wbem;C:\windows\System32\WindowsPowerShell\v1.0\;C:\windows\System32\OpenSSH\;D:\softwares\Installation\Java\jdk-11.0.9\bin;D:\softwares\Installation\WinSCP\;D:\softwares\Installation\Maven\apache-maven-3.6.3\bin;D:\softwares\Installation\nodejs\;C:\ProgramData\chocolatey\bin;D:\softwares\Installation\app\client\SSANGU\product\12.2.0\client_1;D:\softwares\Installation\Amazon\AWSCLIV2\;D:\softwares\Installation\Git\cmd;C:\Users\SSANGU\AppData\Local\Microsoft\WindowsApps;C:\Users\SSANGU\AppData\Roaming\npm;D:\softwares\Installation\Visual_Studio_Code\bin;C:\Users\SSANGU\AppData\Local\GitHubDesktop\bin;D:\softwares\Installation\eclipse-jee-2020-09-R-win32-x86_64\eclipse;;."/>
    <property name="java.vendor" value="Oracle Corporation"/>
    <property name="java.vm.info" value="mixed mode"/>
    <property name="java.vm.version" value="11.0.9+7-LTS"/>
    <property name="sun.io.unicode.encoding" value="UnicodeLittle"/>
    <property name="java.class.version" value="55.0"/>
  </properties>
  <testcase name="testHelloWorld" classname="com.ssangu.test.JavaHelloWorld1Test" time="0.001"/>
</testsuite>